	4: Reserved Word: int
	4: ID: gcd
	4: (
	4: Reserved Word: int
	4: ID: p
	4: ,
	4: Reserved Word: int
	4: ID: v
	4: )
	5: {
	6: Reserved Word: if
	6: (
	6: ID: v
	6: ==
	6: Number: 0
	6: )
	6: Reserved Word: return
	6: ID: p
	6: ;
	7: Reserved Word: else
	7: Reserved Word: return
	7: ID: gcd
	7: (
	7: ID: v
	7: ,
	7: ID: p
	7: -
	7: ID: p
	7: /
	7: ID: v
	7: *
	7: ID: v
	7: )
	7: ;
	9: }
	11: Reserved Word: void
	11: ID: main
	11: (
	11: Reserved Word: void
	11: )
	12: {
	12: Reserved Word: int
	12: ID: x
	12: ;
	12: Reserved Word: int
	12: ID: y
	12: ;
	13: ID: x
	13: Symbol: =
	13: Number: 36
	13: ;
	13: ID: y
	13: Symbol: =
	13: Number: 54
	13: ;
	14: ID: output
	14: (
	14: ID: gcd
	14: (
	14: ID: x
	14: ,
	14: ID: y
	14: )
	14: )
	14: ;
	15: }
	15: EOF
Type integer
  Function gcd
    Type integer
      Unknown ExpNode kind
    Type integer
      Unknown ExpNode kind
    If
      Operation: ==
        Id: v
        Constant: 0
      Return
        Id: p
      Return
        Call to Function gcd 
          Id: v
          Operation: -
            Id: p
            Operation: *
              Operation: /
                Id: p
                Id: v
              Id: v
Type void
  Function main
    Type void
    Type integer
      Variable x
    Type integer
      Variable y
    Assign
      Id: x
      Constant: 36
    Assign
      Id: y
      Constant: 54
    Call to Function output 
      Call to Function gcd 
        Id: x
        Id: y
