(ALLOC, vet, global, 10)
(FUN, int, minloc, -)
(ARG, int[], a, minloc)
(ARG, int, low, minloc)
(ARG, int, high, minloc)
(ALLOC, i, minloc, -)
(ALLOC, x, minloc, -)
(ALLOC, k, minloc, -)
(LOAD, $t0, k, -)
(LOAD, $t1, low, -)
(ASSIGN, $t0, $t1, -)
(STORE, k, $t0, -)
(LOAD, $t2, x, -)
(LOAD, $t3, low, -)
(LOAD, $t4, a, $t3)
(ASSIGN, $t2, $t4, -)
(STORE, x, $t2, -)
(LOAD, $t5, i, -)
(LOAD, $t6, low, -)
(LOAD, $t7, 1, -)
(ADD, $t8, $t6, $t7)
(ASSIGN, $t5, $t8, -)
(STORE, i, $t5, -)
(LABEL, L0, -, -)
(LOAD, $t9, i, -)
(LOAD, $t10, high, -)
(LT, $t11, $t9, $t10)
(IFF, $t11, L1, -)
(LOAD, $t12, i, -)
(LOAD, $t13, a, $t12)
(LOAD, $t14, x, -)
(LT, $t15, $t13, $t14)
(IFF, $t15, L2, -)
(LOAD, $t16, x, -)
(LOAD, $t17, i, -)
(LOAD, $t18, a, $t17)
(ASSIGN, $t16, $t18, -)
(STORE, x, $t16, -)
(LOAD, $t19, k, -)
(LOAD, $t20, i, -)
(ASSIGN, $t19, $t20, -)
(STORE, k, $t19, -)
(LABEL, L2, -, -)
(LOAD, $t21, i, -)
(LOAD, $t22, i, -)
(LOAD, $t23, 1, -)
(ADD, $t0, $t22, $t23)
(ASSIGN, $t21, $t0, -)
(STORE, i, $t21, -)
(GOTO, L0, -, -)
(LABEL, L1, -, -)
(LOAD, $t1, k, -)
(RET, $t1, -, -)
(END, minloc, -, -)
(FUN, void, sort, -)
(ARG, int[], a, sort)
(ARG, int, low, sort)
(ARG, int, high, sort)
(ALLOC, i, sort, -)
(ALLOC, k, sort, -)
(LOAD, $t2, i, -)
(LOAD, $t3, low, -)
(ASSIGN, $t2, $t3, -)
(STORE, i, $t2, -)
(LABEL, L3, -, -)
(LOAD, $t4, i, -)
(LOAD, $t5, high, -)
(LOAD, $t6, 1, -)
(SUB, $t7, $t5, $t6)
(LT, $t8, $t4, $t7)
(IFF, $t8, L4, -)
(ALLOC, t, sort, -)
(LOAD, $t9, k, -)
(LOAD, $t10, a, -)
(PARAM, $t10, -, -)
(LOAD, $t11, i, -)
(PARAM, $t11, -, -)
(LOAD, $t12, high, -)
(PARAM, $t12, -, -)
(CALL, $t13, minloc, 3)
(ASSIGN, $t9, $t13, -)
(STORE, k, $t9, -)
(LOAD, $t14, t, -)
(LOAD, $t15, k, -)
(LOAD, $t16, a, $t15)
(ASSIGN, $t14, $t16, -)
(STORE, t, $t14, -)
(LOAD, $t17, k, -)
(LOAD, $t18, a, $t17)
(LOAD, $t19, i, -)
(LOAD, $t20, a, $t19)
(ASSIGN, $t18, $t20, -)
(STORE, a, $t18, $t19)
(LOAD, $t21, i, -)
(LOAD, $t22, a, $t21)
(LOAD, $t23, t, -)
(ASSIGN, $t22, $t23, -)
(STORE, a, $t22, $t21)
(LOAD, $t0, i, -)
(LOAD, $t1, i, -)
(LOAD, $t2, 1, -)
(ADD, $t3, $t1, $t2)
(ASSIGN, $t0, $t3, -)
(STORE, i, $t0, -)
(GOTO, L3, -, -)
(LABEL, L4, -, -)
(END, sort, -, -)
(FUN, void, main, -)
(ALLOC, i, main, -)
(LOAD, $t4, i, -)
(LOAD, $t5, 0, -)
(ASSIGN, $t4, $t5, -)
(STORE, i, $t4, -)
(LABEL, L5, -, -)
(LOAD, $t6, i, -)
(LOAD, $t7, 10, -)
(LT, $t8, $t6, $t7)
(IFF, $t8, L6, -)
(LOAD, $t9, i, -)
(LOAD, $t10, vet, $t9)
(CALL, $t11, input, 0)
(ASSIGN, $t10, $t11, -)
(STORE, vet, $t10, $t9)
(LOAD, $t12, i, -)
(LOAD, $t13, i, -)
(LOAD, $t14, 1, -)
(ADD, $t15, $t13, $t14)
(ASSIGN, $t12, $t15, -)
(STORE, i, $t12, -)
(GOTO, L5, -, -)
(LABEL, L6, -, -)
(LOAD, $t16, vet, -)
(PARAM, $t16, -, -)
(LOAD, $t17, 0, -)
(PARAM, $t17, -, -)
(LOAD, $t18, 10, -)
(PARAM, $t18, -, -)
(CALL, $t19, sort, 3)
(LOAD, $t20, i, -)
(LOAD, $t21, 0, -)
(ASSIGN, $t20, $t21, -)
(STORE, i, $t20, -)
(LABEL, L7, -, -)
(LOAD, $t22, i, -)
(LOAD, $t23, 10, -)
(LT, $t0, $t22, $t23)
(IFF, $t0, L8, -)
(LOAD, $t1, i, -)
(LOAD, $t2, vet, $t1)
(PARAM, $t2, -, -)
(CALL, $t3, output, 1)
(LOAD, $t4, i, -)
(LOAD, $t5, i, -)
(LOAD, $t6, 1, -)
(ADD, $t7, $t5, $t6)
(ASSIGN, $t4, $t7, -)
(STORE, i, $t4, -)
(GOTO, L7, -, -)
(LABEL, L8, -, -)
(END, main, -, -)
(HLT, -, -, -)
