01101111010000000000000000001010
10101000000000000000000001111001
10010100101110100000000000000000
10010100111110100000000000000001
10010101001110100000000000000010
10001000011110100000000000000101
10001000101110100000000000000001
00000000010001000000000000000000
10010000011110100000000000000101
10001000111110100000000000000100
10001001001110100000000000000001
10001001011110100000000000000000
00000001010010100100000000000000
10001001010010100000000000000000
00000000110010100000000000000000
10010000111110100000000000000100
10001001101110100000000000000011
10001001111110100000000000000001
01101010000000000000000000000001
00000010010011101000000000000000
00000001100100100000000000000000
10010001101110100000000000000011
10001010101110100000000000000011
10001010111110100000000000000010
01000011000101001011000000000000
01111011000000000000000000110011
10001011011110100000000000000011
10001011101110100000000000000000
00000011100111001101000000000000
10001011100111000000000000000000
10001011111110100000000000000100
01000100000111001111000000000000
01111100000000000000000000101100
10001100011110100000000000000100
10001000011110100000000000000011
10001000101110100000000000000000
00000000100001000001000000000000
10001000100001000000000000000000
00000100010001000000000000000000
10010100011110100000000000000100
10001000111110100000000000000101
10001001001110100000000000000011
00000000110010000000000000000000
10010000111110100000000000000101
10001001011110100000000000000011
10001001101110100000000000000011
01101001110000000000000000000001
00000010000011000111000000000000
00000001010100000000000000000000
10010001011110100000000000000011
10101000000000000000000000010110
10001010011110100000000000000101
00000111000100100000000000000000
01010111110000000000000000000000
01010111110000000000000000000000
10010100101110100000000000000000
10010100111110100000000000000001
10010101001110100000000000000010
10001010101110100000000000000011
10001010111110100000000000000001
00000010100101100000000000000000
10010010101110100000000000000011
10001011001110100000000000000011
10001011011110100000000000000010
01101011100000000000000000000001
00001011110110101110000000000000
01000100000110001111000000000000
01111100000000000000000001111000
10001100011110100000000000000100
10001000011110100000000000000000
00000100100000100000000000000000
10001000101110100000000000000011
00000100110001000000000000000000
10001000111110100000000000000010
00000101000001100000000000000000
10010100011110100000000000000110
10010111111110100000000000000111
01101111011110100000000000001000
10110000000000000000000000000010
01110111011110100000000000001000
10001111111110100000000000000111
10001100011110100000000000000110
00000001001110000000000000000000
00000100010010000000000000000000
10010100011110100000000000000100
10001001011110100000000000000101
10001001101110100000000000000100
10001001111110100000000000000000
00000001110011100110000000000000
10001001110011100000000000000000
00000001010011100000000000000000
10010001011110100000000000000101
10001010001110100000000000000100
10001010011110100000000000000000
00000010010100101000000000000000
10001010010100100000000000000000
10001010101110100000000000000011
10001010111110100000000000000000
00000010110101101010000000000000
10001010110101100000000000000000
00000010010101100000000000000000
10001110111110100000000000000000
00000110111101101010000000000000
10010010011101100000000000000000
10001011001110100000000000000011
10001011011110100000000000000000
00000011010110101100000000000000
10001011010110100000000000000000
10001011101110100000000000000101
00000011010111000000000000000000
10001110111110100000000000000000
00000110111101101100000000000000
10010011011101100000000000000000
10001011111110100000000000000011
10001100001110100000000000000011
01101100010000000000000000000001
00000000011000010001000000000000
00000011110000100000000000000000
10010011111110100000000000000011
10101000000000000000000000111110
01010111110000000000000000000000
10001000101110100000000000000000
01101000110000000000000000000000
00000000100001100000000000000000
10010000101110100000000000000000
10001001001110100000000000000000
01101001010000000000000000001010
01000001100010000101000000000000
01111001100000000000000010001101
10001001111110100000000000000000
10001010000011100000000000000000
01011010010000000000000000000000
00000010000100100000000000000000
10010010000011100000000000000000
10001010101110100000000000000000
10001010111110100000000000000000
01101011000000000000000000000001
00000011010101101100000000000000
00000010100110100000000000000000
10010010101110100000000000000000
10101000000000000000000001111101
10001011100000000000000000000000
00000100100111000000000000000000
01101011110000000000000000000000
00000100110111100000000000000000
01101100000000000000000000001010
00000101001000000000000000000000
01101111011110100000000000000001
10110000000000000000000000110111
01110111011110100000000000000001
10001000011110100000000000000000
01101000100000000000000000000000
00000000010001000000000000000000
10010000011110100000000000000000
10001000111110100000000000000000
01101001000000000000000000001010
01000001010001100100000000000000
01111001010000000000000010101001
10001001101110100000000000000000
10001001110011000000000000000000
00000100100011100000000000000000
01100100100000000000000000000000
10001010011110100000000000000000
10001010101110100000000000000000
01101010110000000000000000000001
00000011000101001011000000000000
00000010010110000000000000000000
10010010011110100000000000000000
10101000000000000000000010011010
11000000000000000000000000000000
