
Tabela de Símbolos:
NOME          ESCOPO           TIPO_ID         TIPO_DATA         LINHAS
--------      ------------     ------------    ------------      ------------
a               minloc          variable        vector arg         6    9   12   13 
low             minloc          variable        integer            6    8    9   10 
vet             global          variable        vector             4 
x               minloc          variable        integer            7    9   12   13 
main            global          function        void              34 
low             sort            variable        integer           21   23 
input           main            call            -                 39 
high            sort            variable        integer           21   24   26 
output          global          função        integer            0 
k               sort            variable        integer           22   26   27   28 
a               sort            variable        vector arg        21   26   27   28   28   29 
vet             main            vector          integer           39   42   45 
input           global          função        integer            0 
sort            global          function        void              21 
t               sort            variable        integer           25   27   29 
k               minloc          variable        integer            7    8   14   18 
high            minloc          variable        integer            6   11 
i               main            variable        integer           36   37   38   39   40   40   43   44   45   46   46 
minloc          sort            call            -                 26 
minloc          global          function        integer            6 
sort            main            call            -                 42 
output          main            call            -                 45 
i               minloc          variable        integer            7   10   11   12   13   14   16   16 
i               sort            variable        integer           22   23   24   26   28   29   30   30 
